2017-04-06 09:13:11  [ main:0 ] - [ INFO ]  Program_info load 完成
2017-04-06 09:13:12  [ main:987 ] - [ INFO ]  加载SinaUserInfo结束，可用的数据有7315条
2017-04-06 09:13:15  [ main:3768 ] - [ DEBUG ]  TOP_N: 0, MIN_WATCH_CNT: 15
user_cnt:8599
precise :0.04756367019420863
random  :0.018374229561576926
all_precise:0.01884038955542778
rate:2.5245587440895503
2017-04-06 09:13:16  [ main:4821 ] - [ DEBUG ]  TOP_N: 0, MIN_WATCH_CNT: 15
user_cnt:8599
precise :0.11943249215025004
random  :0.01953715548319572
all_precise:0.01884038955542778
rate:6.339173178924127
2017-04-06 09:13:17  [ main:5928 ] - [ DEBUG ]  TOP_N: 0, MIN_WATCH_CNT: 15
user_cnt:8599
precise :0.15978602163042213
random  :0.019188277706710083
all_precise:0.01884038955542778
rate:8.481035976476873
2017-04-06 09:14:30  [ main:0 ] - [ INFO ]  Program_info load 完成
2017-04-06 09:14:31  [ main:938 ] - [ INFO ]  加载SinaUserInfo结束，可用的数据有7315条
2017-04-06 09:14:34  [ main:3751 ] - [ DEBUG ]  TOP_N: 0, MIN_WATCH_CNT: 15
user_cnt:8599
precise :0.04558669612745668
random  :0.018839399930224446
all_precise:0.01884038955542778
rate:2.4196259845552652
2017-04-06 09:14:35  [ main:4826 ] - [ DEBUG ]  TOP_N: 0, MIN_WATCH_CNT: 15
user_cnt:8599
precise :0.1218746365856495
random  :0.019769740667519478
all_precise:0.01884038955542778
rate:6.468795999525302
2017-04-06 09:14:36  [ main:5923 ] - [ DEBUG ]  TOP_N: 0, MIN_WATCH_CNT: 15
user_cnt:8599
precise :0.1635073845796023
random  :0.019071985114548204
all_precise:0.01884038955542778
rate:8.678556465011999
2017-04-06 09:14:49  [ main:0 ] - [ INFO ]  Program_info load 完成
2017-04-06 09:14:50  [ main:1059 ] - [ INFO ]  加载SinaUserInfo结束，可用的数据有7315条
2017-04-06 09:14:53  [ main:4256 ] - [ DEBUG ]  TOP_N: 0, MIN_WATCH_CNT: 15
user_cnt:8599
precise :0.04802884056285615
random  :0.017327596232120015
all_precise:0.01884038955542778
rate:2.5492488051564406
2017-04-06 09:14:55  [ main:5351 ] - [ DEBUG ]  TOP_N: 0, MIN_WATCH_CNT: 15
user_cnt:8599
precise :0.12082800325619258
random  :0.01953715548319572
all_precise:0.01884038955542778
rate:6.413243362124798
2017-04-06 09:14:56  [ main:6461 ] - [ DEBUG ]  TOP_N: 0, MIN_WATCH_CNT: 15
user_cnt:8599
precise :0.1633910919874404
random  :0.018374229561576926
all_precise:0.01884038955542778
rate:8.672383949745276
2017-04-06 09:16:09  [ main:0 ] - [ INFO ]  Program_info load 完成
2017-04-06 09:16:10  [ main:1027 ] - [ INFO ]  加载SinaUserInfo结束，可用的数据有7315条
2017-04-06 09:16:12  [ main:3420 ] - [ DEBUG ]  TOP_N: 0, MIN_WATCH_CNT: 15
user_cnt:8599
precise :0.03546924060937318
random  :0.019769740667519478
all_precise:0.01884038955542778
rate:1.882617156350398
2017-04-06 09:16:13  [ main:4321 ] - [ DEBUG ]  TOP_N: 0, MIN_WATCH_CNT: 15
user_cnt:8599
precise :0.12966624026049542
random  :0.01779276660076753
all_precise:0.01884038955542778
rate:6.882354522395717
2017-04-06 09:16:14  [ main:5185 ] - [ DEBUG ]  TOP_N: 0, MIN_WATCH_CNT: 15
user_cnt:8599
precise :0.17874171415280846
random  :0.019769740667519478
all_precise:0.01884038955542778
rate:9.48715596495266
2017-04-06 09:16:19  [ main:0 ] - [ INFO ]  Program_info load 完成
2017-04-06 09:16:20  [ main:1007 ] - [ INFO ]  加载SinaUserInfo结束，可用的数据有7315条
2017-04-06 09:16:22  [ main:3361 ] - [ DEBUG ]  TOP_N: 0, MIN_WATCH_CNT: 15
user_cnt:8599
precise :0.036283288754506336
random  :0.018141644377253168
all_precise:0.01884038955542778
rate:1.925824763217456
2017-04-06 09:16:23  [ main:4264 ] - [ DEBUG ]  TOP_N: 0, MIN_WATCH_CNT: 15
user_cnt:8599
precise :0.12803814397022908
random  :0.01802535178509129
all_precise:0.01884038955542778
rate:6.7959393086616
2017-04-06 09:16:24  [ main:5314 ] - [ DEBUG ]  TOP_N: 0, MIN_WATCH_CNT: 15
user_cnt:8599
precise :0.17478776601930457
random  :0.017443888824281894
all_precise:0.01884038955542778
rate:9.277290445884091
2017-04-06 09:16:32  [ main:0 ] - [ INFO ]  Program_info load 完成
2017-04-06 09:16:33  [ main:1032 ] - [ INFO ]  加载SinaUserInfo结束，可用的数据有7315条
2017-04-06 09:16:35  [ main:3522 ] - [ DEBUG ]  TOP_N: 0, MIN_WATCH_CNT: 15
user_cnt:8599
precise :0.034190022095592514
random  :0.020351203628328877
all_precise:0.01884038955542778
rate:1.8147194884164493
2017-04-06 09:16:36  [ main:4487 ] - [ DEBUG ]  TOP_N: 0, MIN_WATCH_CNT: 15
user_cnt:8599
precise :0.12989882544481918
random  :0.018839399930224446
all_precise:0.01884038955542778
rate:6.894699552929163
2017-04-06 09:16:37  [ main:5529 ] - [ DEBUG ]  TOP_N: 0, MIN_WATCH_CNT: 15
user_cnt:8599
precise :0.1786254215606466
random  :0.020932666589138272
all_precise:0.01884038955542778
rate:9.480983449685938
2017-04-06 09:16:48  [ main:0 ] - [ INFO ]  Program_info load 完成
2017-04-06 09:16:49  [ main:1049 ] - [ INFO ]  加载SinaUserInfo结束，可用的数据有7315条
2017-04-06 09:16:52  [ main:3676 ] - [ DEBUG ]  TOP_N: 0, MIN_WATCH_CNT: 15
user_cnt:8599
precise :0.0393068961507152
random  :0.017211303639958136
all_precise:0.01884038955542778
rate:2.086310160152244
2017-04-06 09:16:53  [ main:4629 ] - [ DEBUG ]  TOP_N: 0, MIN_WATCH_CNT: 15
user_cnt:8599
precise :0.12385161065240144
random  :0.01779276660076753
all_precise:0.01884038955542778
rate:6.573728759059586
2017-04-06 09:16:54  [ main:5638 ] - [ DEBUG ]  TOP_N: 0, MIN_WATCH_CNT: 15
user_cnt:8599
precise :0.17095011047796255
random  :0.018257936969415047
all_precise:0.01884038955542778
rate:9.073597442082246
2017-04-06 09:16:57  [ main:0 ] - [ INFO ]  Program_info load 完成
2017-04-06 09:16:58  [ main:1009 ] - [ INFO ]  加载SinaUserInfo结束，可用的数据有7315条
2017-04-06 09:17:00  [ main:3528 ] - [ DEBUG ]  TOP_N: 0, MIN_WATCH_CNT: 15
user_cnt:8599
precise :0.0387254331899058
random  :0.016629840679148737
all_precise:0.01884038955542778
rate:2.0554475838186312
2017-04-06 09:17:01  [ main:4460 ] - [ DEBUG ]  TOP_N: 0, MIN_WATCH_CNT: 15
user_cnt:8599
precise :0.12954994766833353
random  :0.018490522153738805
all_precise:0.01884038955542778
rate:6.876182007128994
2017-04-06 09:17:02  [ main:5494 ] - [ DEBUG ]  TOP_N: 0, MIN_WATCH_CNT: 15
user_cnt:8599
precise :0.17711361786254215
random  :0.016629840679148737
all_precise:0.01884038955542778
rate:9.400740751218544
2017-04-06 09:17:05  [ main:0 ] - [ INFO ]  Program_info load 完成
2017-04-06 09:17:06  [ main:1034 ] - [ INFO ]  加载SinaUserInfo结束，可用的数据有7315条
2017-04-06 09:17:08  [ main:3505 ] - [ DEBUG ]  TOP_N: 0, MIN_WATCH_CNT: 15
user_cnt:8599
precise :0.037329922083963255
random  :0.015699499941853705
all_precise:0.01884038955542778
rate:1.9813774006179599
2017-04-06 09:17:09  [ main:4457 ] - [ DEBUG ]  TOP_N: 0, MIN_WATCH_CNT: 15
user_cnt:8599
precise :0.13094545877427607
random  :0.01953715548319572
all_precise:0.01884038955542778
rate:6.950252190329666
2017-04-06 09:17:10  [ main:5533 ] - [ DEBUG ]  TOP_N: 0, MIN_WATCH_CNT: 15
user_cnt:8599
precise :0.17943946970577973
random  :0.020932666589138272
all_precise:0.01884038955542778
rate:9.524191056552995
2017-04-06 09:17:40  [ main:0 ] - [ INFO ]  Program_info load 完成
2017-04-06 09:17:41  [ main:1048 ] - [ INFO ]  加载SinaUserInfo结束，可用的数据有7315条
2017-04-06 09:17:44  [ main:3693 ] - [ DEBUG ]  TOP_N: 0, MIN_WATCH_CNT: 15
user_cnt:8599
precise :0.04663332945691359
random  :0.02128154436562391
all_precise:0.01884038955542778
rate:2.4751786219557688
2017-04-06 09:17:44  [ main:4624 ] - [ DEBUG ]  TOP_N: 0, MIN_WATCH_CNT: 15
user_cnt:8599
precise :0.1145482032794511
random  :0.018606814745900688
all_precise:0.01884038955542778
rate:6.079927537721777
2017-04-06 09:17:45  [ main:5582 ] - [ DEBUG ]  TOP_N: 0, MIN_WATCH_CNT: 15
user_cnt:8599
precise :0.15629724386556576
random  :0.019304570298871962
all_precise:0.01884038955542778
rate:8.295860518475196
2017-04-06 09:17:58  [ main:0 ] - [ INFO ]  Program_info load 完成
2017-04-06 09:17:59  [ main:957 ] - [ INFO ]  加载SinaUserInfo结束，可用的数据有7315条
2017-04-06 09:18:01  [ main:3591 ] - [ DEBUG ]  TOP_N: 0, MIN_WATCH_CNT: 15
user_cnt:8599
precise :0.047098499825561115
random  :0.017327596232120015
all_precise:0.01884038955542778
rate:2.4998686830226595
2017-04-06 09:18:02  [ main:4576 ] - [ DEBUG ]  TOP_N: 0, MIN_WATCH_CNT: 15
user_cnt:8599
precise :0.11745551808349808
random  :0.017443888824281894
all_precise:0.01884038955542778
rate:6.234240419389842
2017-04-06 09:18:03  [ main:5658 ] - [ DEBUG ]  TOP_N: 0, MIN_WATCH_CNT: 15
user_cnt:8599
precise :0.15536690312827073
random  :0.01779276660076753
all_precise:0.01884038955542778
rate:8.246480396341415
2017-04-06 09:18:07  [ main:0 ] - [ INFO ]  Program_info load 完成
2017-04-06 09:18:08  [ main:972 ] - [ INFO ]  加载SinaUserInfo结束，可用的数据有7315条
2017-04-06 09:18:11  [ main:3574 ] - [ DEBUG ]  TOP_N: 0, MIN_WATCH_CNT: 15
user_cnt:8599
precise :0.048145133155018026
random  :0.016978718455634378
all_precise:0.01884038955542778
rate:2.555421320423163
2017-04-06 09:18:12  [ main:4567 ] - [ DEBUG ]  TOP_N: 0, MIN_WATCH_CNT: 15
user_cnt:8599
precise :0.11373415513431795
random  :0.018723107338062567
all_precise:0.01884038955542778
rate:6.036719930854718
2017-04-06 09:18:13  [ main:5512 ] - [ DEBUG ]  TOP_N: 0, MIN_WATCH_CNT: 15
user_cnt:8599
precise :0.15920455866961275
random  :0.019071985114548204
all_precise:0.01884038955542778
rate:8.450173400143262
2017-04-06 09:18:28  [ main:0 ] - [ INFO ]  Program_info load 完成
2017-04-06 09:18:29  [ main:991 ] - [ INFO ]  加载SinaUserInfo结束，可用的数据有7315条
2017-04-06 09:18:32  [ main:3782 ] - [ DEBUG ]  TOP_N: 0, MIN_WATCH_CNT: 15
user_cnt:8599
precise :0.06489126642632864
random  :0.018723107338062567
all_precise:0.01884038955542778
rate:3.4442635188312196
2017-04-06 09:18:33  [ main:4839 ] - [ DEBUG ]  TOP_N: 0, MIN_WATCH_CNT: 15
user_cnt:8599
precise :0.11629259216187929
random  :0.017560181416443773
all_precise:0.01884038955542778
rate:6.172515266722616
2017-04-06 09:18:34  [ main:6176 ] - [ DEBUG ]  TOP_N: 0, MIN_WATCH_CNT: 15
user_cnt:8599
precise :0.13629491801372254
random  :0.018490522153738805
all_precise:0.01884038955542778
rate:7.234187892598906
2017-04-06 09:19:22  [ main:0 ] - [ INFO ]  Program_info load 完成
2017-04-06 09:19:24  [ main:1270 ] - [ INFO ]  加载SinaUserInfo结束，可用的数据有7315条
2017-04-06 09:19:26  [ main:3834 ] - [ DEBUG ]  TOP_N: 0, MIN_WATCH_CNT: 15
user_cnt:8599
precise :0.03605070357018258
random  :0.01779276660076753
all_precise:0.01884038955542778
rate:1.913479732684011
2017-04-06 09:19:27  [ main:4795 ] - [ DEBUG ]  TOP_N: 0, MIN_WATCH_CNT: 15
user_cnt:8599
precise :0.1240841958367252
random  :0.020118618444005115
all_precise:0.01884038955542778
rate:6.586073789593031
2017-04-06 09:19:28  [ main:5848 ] - [ DEBUG ]  TOP_N: 0, MIN_WATCH_CNT: 15
user_cnt:8599
precise :0.17153157343877196
random  :0.018490522153738805
all_precise:0.01884038955542778
rate:9.104460018415859
2017-04-06 09:38:12  [ main:0 ] - [ INFO ]  Program_info load 完成
2017-04-06 09:38:13  [ main:1117 ] - [ INFO ]  加载SinaUserInfo结束，可用的数据有7315条
2017-04-06 09:44:11  [ main:0 ] - [ INFO ]  Program_info load 完成
2017-04-06 09:44:12  [ main:1064 ] - [ INFO ]  加载SinaUserInfo结束，可用的数据有7315条
2017-04-06 09:46:32  [ main:0 ] - [ INFO ]  Program_info load 完成
2017-04-06 09:46:33  [ main:1097 ] - [ INFO ]  加载SinaUserInfo结束，可用的数据有7315条
2017-04-06 09:47:13  [ main:0 ] - [ INFO ]  Program_info load 完成
2017-04-06 09:47:14  [ main:1123 ] - [ INFO ]  加载SinaUserInfo结束，可用的数据有7315条
2017-04-06 09:47:19  [ main:5847 ] - [ DEBUG ]  TOP_N: 0, MIN_WATCH_CNT: 15
user_cnt:8599
precise :0.037446214676125134
random  :0.017443888824281894
all_precise:0.01884038955542778
rate:1.9875499158846825
2017-04-06 09:51:57  [ main:0 ] - [ INFO ]  Program_info load 完成
2017-04-06 09:51:58  [ main:1059 ] - [ INFO ]  加载SinaUserInfo结束，可用的数据有7315条
2017-04-06 09:54:23  [ main:0 ] - [ INFO ]  Program_info load 完成
2017-04-06 09:54:24  [ main:1152 ] - [ INFO ]  加载SinaUserInfo结束，可用的数据有7315条
2017-04-06 09:57:30  [ main:0 ] - [ INFO ]  Program_info load 完成
2017-04-06 09:57:32  [ main:1145 ] - [ INFO ]  加载SinaUserInfo结束，可用的数据有7315条
2017-04-06 10:01:26  [ main:0 ] - [ INFO ]  Program_info load 完成
2017-04-06 10:01:27  [ main:1192 ] - [ INFO ]  加载SinaUserInfo结束，可用的数据有7315条
2017-04-06 10:02:34  [ main:0 ] - [ INFO ]  Program_info load 完成
2017-04-06 10:02:35  [ main:1192 ] - [ INFO ]  加载SinaUserInfo结束，可用的数据有7315条
2017-04-06 10:03:25  [ main:0 ] - [ INFO ]  Program_info load 完成
2017-04-06 10:03:26  [ main:1066 ] - [ INFO ]  加载SinaUserInfo结束，可用的数据有7315条
2017-04-06 10:03:37  [ main:12685 ] - [ DEBUG ]  TOP_N: 0, MIN_WATCH_CNT: 15
user_cnt:8599
precise :0.03756250726828701
random  :0.019769740667519478
all_precise:0.01884038955542778
rate:1.993722431151405
2017-04-06 10:04:54  [ main:0 ] - [ INFO ]  Program_info load 完成
2017-04-06 10:04:55  [ main:1085 ] - [ INFO ]  加载SinaUserInfo结束，可用的数据有7315条
2017-04-06 10:05:07  [ main:0 ] - [ INFO ]  Program_info load 完成
2017-04-06 10:05:08  [ main:1044 ] - [ INFO ]  加载SinaUserInfo结束，可用的数据有7315条
2017-04-06 10:05:11  [ main:4354 ] - [ DEBUG ]  TOP_N: 0, MIN_WATCH_CNT: 15
 auc : 0.5014035934410978
user_cnt:8599
precise :0.037446214676125134
random  :0.020234911036166998
all_precise:0.01884038955542778
rate:1.9875499158846825
2017-04-06 10:05:13  [ main:6150 ] - [ DEBUG ]  TOP_N: 0, MIN_WATCH_CNT: 15
 auc : 0.6359100476799616
user_cnt:8599
precise :0.13234096988021862
random  :0.018490522153738805
all_precise:0.01884038955542778
rate:7.024322373530337
2017-04-06 10:05:15  [ main:8045 ] - [ DEBUG ]  TOP_N: 0, MIN_WATCH_CNT: 15
 auc : 0.6369821490871043
user_cnt:8599
precise :0.17839283637632283
random  :0.020118618444005115
all_precise:0.01884038955542778
rate:9.468638419152493
2017-04-06 10:06:06  [ main:0 ] - [ INFO ]  Program_info load 完成
2017-04-06 10:06:07  [ main:1001 ] - [ INFO ]  加载SinaUserInfo结束，可用的数据有7315条
2017-04-06 10:06:11  [ main:4723 ] - [ DEBUG ]  TOP_N: 0, MIN_WATCH_CNT: 15
 auc : 0.5321282125828587
user_cnt:8599
precise :0.062332829398767296
random  :0.018955692522386325
all_precise:0.01884038955542778
rate:3.3084681829633222
2017-04-06 10:06:13  [ main:6710 ] - [ DEBUG ]  TOP_N: 0, MIN_WATCH_CNT: 15
 auc : 0.6479856378648663
user_cnt:8599
precise :0.11594371438539365
random  :0.020118618444005115
all_precise:0.01884038955542778
rate:6.153997720922448
2017-04-06 10:06:15  [ main:8934 ] - [ DEBUG ]  TOP_N: 0, MIN_WATCH_CNT: 15
 auc : 0.6617418304454025
user_cnt:8599
precise :0.13792301430398884
random  :0.020118618444005115
all_precise:0.01884038955542778
rate:7.3206031063330235
2017-04-06 10:10:08  [ main:0 ] - [ INFO ]  Program_info load 完成
2017-04-06 10:10:10  [ main:1232 ] - [ INFO ]  加载SinaUserInfo结束，可用的数据有7315条
2017-04-06 10:10:14  [ main:5813 ] - [ DEBUG ]  TOP_N: 0, MIN_WATCH_CNT: 15
 auc : 0.530857308989419
user_cnt:8599
precise :0.03244563321316432
random  :0.020700081404814514
all_precise:0.01884038955542778
rate:1.7221317594156098
2017-04-06 10:10:17  [ main:8213 ] - [ DEBUG ]  TOP_N: 0, MIN_WATCH_CNT: 15
 auc : 0.6091863007326427
user_cnt:8599
precise :0.07256657750901267
random  :0.017676474008605652
all_precise:0.01884038955542778
rate:3.851649526434912
2017-04-06 10:10:19  [ main:10960 ] - [ DEBUG ]  TOP_N: 0, MIN_WATCH_CNT: 15
 auc : 0.6099933131759513
user_cnt:8599
precise :0.07047331085009885
random  :0.016746133271310616
all_precise:0.01884038955542778
rate:3.7405442516339056
2017-04-06 10:12:23  [ main:0 ] - [ INFO ]  Program_info load 完成
2017-04-06 10:12:24  [ main:1041 ] - [ INFO ]  加载SinaUserInfo结束，可用的数据有7315条
2017-04-06 10:12:28  [ main:5446 ] - [ DEBUG ]  TOP_N: 1, MIN_WATCH_CNT: 15
 auc : 0.5299169670891946
user_cnt:8599
precise :0.0325619258053262
random  :0.017269449936039075
all_precise:0.01884038955542778
rate:1.7283042746823325
2017-04-06 10:12:30  [ main:7790 ] - [ DEBUG ]  TOP_N: 1, MIN_WATCH_CNT: 15
 auc : 0.6119858704500517
user_cnt:8599
precise :0.07163623677171764
random  :0.019188277706710083
all_precise:0.01884038955542778
rate:3.8022694043011316
2017-04-06 10:12:33  [ main:10617 ] - [ DEBUG ]  TOP_N: 1, MIN_WATCH_CNT: 15
 auc : 0.6116233864402832
user_cnt:8599
precise :0.0718688219560414
random  :0.01773462030468659
all_precise:0.01884038955542778
rate:3.8146144348345765
2017-04-06 10:15:01  [ main:0 ] - [ INFO ]  Program_info load 完成
2017-04-06 10:15:02  [ main:1010 ] - [ INFO ]  加载SinaUserInfo结束，可用的数据有7315条
2017-04-06 10:15:09  [ main:7229 ] - [ DEBUG ]  TOP_N: 1, MIN_WATCH_CNT: 10
 auc : 0.5599535921561762
user_cnt:22744
precise :0.05117833274709813
random  :0.013542033063665143
all_precise:0.013741723000102377
rate:3.724302458048154
2017-04-06 10:15:13  [ main:12051 ] - [ DEBUG ]  TOP_N: 1, MIN_WATCH_CNT: 10
 auc : 0.6750292604643048
user_cnt:22744
precise :0.08046078086528315
random  :0.013827822722476258
all_precise:0.013741723000102377
rate:5.855217781982922
2017-04-06 10:15:19  [ main:17639 ] - [ DEBUG ]  TOP_N: 1, MIN_WATCH_CNT: 10
 auc : 0.6898695699964829
user_cnt:22744
precise :0.0824832922968695
random  :0.01422353148083011
all_precise:0.013741723000102377
rate:6.002398119672111
2017-04-06 10:15:33  [ main:0 ] - [ INFO ]  Program_info load 完成
2017-04-06 10:15:34  [ main:1013 ] - [ INFO ]  加载SinaUserInfo结束，可用的数据有7315条
2017-04-06 10:15:40  [ main:7344 ] - [ DEBUG ]  TOP_N: 0, MIN_WATCH_CNT: 10
 auc : 0.559676024446009
user_cnt:22744
precise :0.05188181498417165
random  :0.013586000703482237
all_precise:0.013741723000102377
rate:3.775495618983524
2017-04-06 10:15:45  [ main:12259 ] - [ DEBUG ]  TOP_N: 0, MIN_WATCH_CNT: 10
 auc : 0.6754220893422417
user_cnt:22744
precise :0.07887794583186775
random  :0.01446535349982413
all_precise:0.013741723000102377
rate:5.74003316987834
2017-04-06 10:15:51  [ main:17800 ] - [ DEBUG ]  TOP_N: 0, MIN_WATCH_CNT: 10
 auc : 0.6898070480126615
user_cnt:22744
precise :0.08142806894125923
random  :0.014201547660921562
all_precise:0.013741723000102377
rate:5.925608378269056
2017-04-06 10:19:25  [ main:0 ] - [ INFO ]  Program_info load 完成
2017-04-06 10:19:26  [ main:1013 ] - [ INFO ]  加载SinaUserInfo结束，可用的数据有7315条
2017-04-06 10:19:32  [ main:6550 ] - [ DEBUG ]  TOP_N: 0, MIN_WATCH_CNT: 10
 auc : 0.5208893554344004
user_cnt:22744
precise :0.0400545198733732
random  :0.013278227224762575
all_precise:0.013741723000102377
rate:2.914810600757619
2017-04-06 10:19:36  [ main:11081 ] - [ DEBUG ]  TOP_N: 0, MIN_WATCH_CNT: 10
 auc : 0.6737733248329252
user_cnt:22744
precise :0.09325536405205768
random  :0.013278227224762575
all_precise:0.013741723000102377
rate:6.786293396494961
2017-04-06 10:19:41  [ main:15871 ] - [ DEBUG ]  TOP_N: 0, MIN_WATCH_CNT: 10
 auc : 0.6794948997537827
user_cnt:22744
precise :0.10917164966584594
random  :0.012618712627506155
all_precise:0.013741723000102377
rate:7.9445386626577035
2017-04-06 10:19:52  [ main:0 ] - [ INFO ]  Program_info load 完成
2017-04-06 10:19:53  [ main:974 ] - [ INFO ]  加载SinaUserInfo结束，可用的数据有7315条
2017-04-06 10:20:00  [ main:7276 ] - [ DEBUG ]  TOP_N: 0, MIN_WATCH_CNT: 10
 auc : 0.5532020313049598
user_cnt:22744
precise :0.046825536405205766
random  :0.014421385860007034
all_precise:0.013741723000102377
rate:3.407544774760553
2017-04-06 10:20:04  [ main:12224 ] - [ DEBUG ]  TOP_N: 0, MIN_WATCH_CNT: 10
 auc : 0.6670388673935999
user_cnt:22744
precise :0.07689940204009849
random  :0.015124868097080548
all_precise:0.013741723000102377
rate:5.596052404747613
2017-04-06 10:20:10  [ main:18022 ] - [ DEBUG ]  TOP_N: 0, MIN_WATCH_CNT: 10
 auc : 0.6784476125571551
user_cnt:22744
precise :0.08208758353851565
random  :0.013937741822018995
all_precise:0.013741723000102377
rate:5.973601966645965
